<?xml version="1.0" encoding="UTF-8"?>
<!-- Generated by org.testng.reporters.JUnitReportReporter -->
<testsuite hostname="DESKTOP-GGQ6OF8" failures="0" tests="1" name="amazontest.Amazooon" time="38.746" errors="0" timestamp="2023-09-30T18:58:04 IST" skipped="0">
  <testcase classname="amazontest.Amazooon" name="verifyamazonhom" time="38.746"/>
  <system-out>
    <![CDATA[test startedverifyamazonhom
test successverifyamazonhom]]>
  </system-out>
</testsuite> <!-- amazontest.Amazooon -->
